[debug] [2022-09-25T14:13:55.790Z] ----------------------------------------------------------------------
[debug] [2022-09-25T14:13:55.792Z] Command:       C:\Program Files\nodejs\node.exe C:\Users\filip\AppData\Roaming\npm\node_modules\firebase-tools\lib\bin\firebase.js init
[debug] [2022-09-25T14:13:55.792Z] CLI Version:   11.10.0
[debug] [2022-09-25T14:13:55.792Z] Platform:      win32
[debug] [2022-09-25T14:13:55.792Z] Node Version:  v16.13.0
[debug] [2022-09-25T14:13:55.793Z] Time:          Sun Sep 25 2022 17:13:55 GMT+0300 (Москва, стандартное время)
[debug] [2022-09-25T14:13:55.793Z] ----------------------------------------------------------------------
[debug] 
[debug] [2022-09-25T14:13:55.842Z] > command requires scopes: ["email","openid","https://www.googleapis.com/auth/cloudplatformprojects.readonly","https://www.googleapis.com/auth/firebase","https://www.googleapis.com/auth/cloud-platform"]
[debug] [2022-09-25T14:13:55.842Z] > authorizing via signed-in user (filippcik@gmail.com)
[info] 
     ######## #### ########  ######## ########     ###     ######  ########
     ##        ##  ##     ## ##       ##     ##  ##   ##  ##       ##
     ######    ##  ########  ######   ########  #########  ######  ######
     ##        ##  ##    ##  ##       ##     ## ##     ##       ## ##
     ##       #### ##     ## ######## ########  ##     ##  ######  ########

You're about to initialize a Firebase project in this directory:

  C:\Program Files\nodejs\vue-firebase-crud-main

Before we get started, keep in mind:

  * You are currently outside your home directory
  * You are initializing within an existing Firebase project directory

[info] 
=== Project Setup
[info] 
[info] First, let's associate this project directory with a Firebase project.
[info] You can create multiple project aliases by running firebase use --add, 
[info] but for now we'll just set up a default project.
[info] 
[debug] [2022-09-25T14:14:05.234Z] Using project from CLI flag: vue-3-crud
[debug] [2022-09-25T14:14:05.236Z] >>> [apiv2][query] GET https://firebase.googleapis.com/v1beta1/projects/vue-3-crud [none]
[debug] [2022-09-25T14:14:05.781Z] <<< [apiv2][status] GET https://firebase.googleapis.com/v1beta1/projects/vue-3-crud 403
[debug] [2022-09-25T14:14:05.781Z] <<< [apiv2][body] GET https://firebase.googleapis.com/v1beta1/projects/vue-3-crud {"error":{"code":403,"message":"The caller does not have permission","status":"PERMISSION_DENIED"}}
[debug] [2022-09-25T14:14:05.781Z] HTTP Error: 403, The caller does not have permission
[debug] [2022-09-25T14:14:05.903Z] FirebaseError: HTTP Error: 403, The caller does not have permission
    at responseToError (C:\Users\filip\AppData\Roaming\npm\node_modules\firebase-tools\lib\responseToError.js:49:12)
    at RetryOperation._fn (C:\Users\filip\AppData\Roaming\npm\node_modules\firebase-tools\lib\apiv2.js:288:77)
    at processTicksAndRejections (node:internal/process/task_queues:96:5)
[error] 
[error] Error: Failed to get Firebase project vue-3-crud. Please make sure the project exists and your account has permission to access it.
[debug] [2022-09-25T14:14:27.218Z] ----------------------------------------------------------------------
[debug] [2022-09-25T14:14:27.220Z] Command:       C:\Program Files\nodejs\node.exe C:\Users\filip\AppData\Roaming\npm\node_modules\firebase-tools\lib\bin\firebase.js use --add
[debug] [2022-09-25T14:14:27.220Z] CLI Version:   11.10.0
[debug] [2022-09-25T14:14:27.220Z] Platform:      win32
[debug] [2022-09-25T14:14:27.220Z] Node Version:  v16.13.0
[debug] [2022-09-25T14:14:27.221Z] Time:          Sun Sep 25 2022 17:14:27 GMT+0300 (Москва, стандартное время)
[debug] [2022-09-25T14:14:27.221Z] ----------------------------------------------------------------------
[debug] 
[debug] [2022-09-25T14:14:27.270Z] > command requires scopes: ["email","openid","https://www.googleapis.com/auth/cloudplatformprojects.readonly","https://www.googleapis.com/auth/firebase","https://www.googleapis.com/auth/cloud-platform"]
[debug] [2022-09-25T14:14:27.271Z] > authorizing via signed-in user (filippcik@gmail.com)
[debug] [2022-09-25T14:14:27.273Z] >>> [apiv2][query] GET https://firebase.googleapis.com/v1beta1/projects pageSize=1000
[debug] [2022-09-25T14:14:27.812Z] <<< [apiv2][status] GET https://firebase.googleapis.com/v1beta1/projects 200
[debug] [2022-09-25T14:14:27.812Z] <<< [apiv2][body] GET https://firebase.googleapis.com/v1beta1/projects [omitted]
[debug] [2022-09-25T14:18:24.097Z] Error: kill ENOSYS
    at process.kill (node:internal/process/per_thread:215:13)
    at process.listener (C:\Users\filip\AppData\Roaming\npm\node_modules\firebase-tools\node_modules\signal-exit\index.js:95:15)
    at process.emit (node:events:390:28)
[error] 
[error] Error: An unexpected error has occurred.
[debug] [2022-09-25T14:18:49.712Z] ----------------------------------------------------------------------
[debug] [2022-09-25T14:18:49.713Z] Command:       C:\Program Files\nodejs\node.exe C:\Users\filip\AppData\Roaming\npm\node_modules\firebase-tools\lib\bin\firebase.js init
[debug] [2022-09-25T14:18:49.714Z] CLI Version:   11.10.0
[debug] [2022-09-25T14:18:49.714Z] Platform:      win32
[debug] [2022-09-25T14:18:49.714Z] Node Version:  v16.13.0
[debug] [2022-09-25T14:18:49.715Z] Time:          Sun Sep 25 2022 17:18:49 GMT+0300 (Москва, стандартное время)
[debug] [2022-09-25T14:18:49.715Z] ----------------------------------------------------------------------
[debug] 
[debug] [2022-09-25T14:18:49.764Z] > command requires scopes: ["email","openid","https://www.googleapis.com/auth/cloudplatformprojects.readonly","https://www.googleapis.com/auth/firebase","https://www.googleapis.com/auth/cloud-platform"]
[debug] [2022-09-25T14:18:49.764Z] > authorizing via signed-in user (filippcik@gmail.com)
[info] 
     ######## #### ########  ######## ########     ###     ######  ########
     ##        ##  ##     ## ##       ##     ##  ##   ##  ##       ##
     ######    ##  ########  ######   ########  #########  ######  ######
     ##        ##  ##    ##  ##       ##     ## ##     ##       ## ##
     ##       #### ##     ## ######## ########  ##     ##  ######  ########

You're about to initialize a Firebase project in this directory:

  C:\Program Files\nodejs\vue-firebase-crud-main

Before we get started, keep in mind:

  * You are currently outside your home directory
  * You are initializing within an existing Firebase project directory

[info] 
=== Project Setup
[info] 
[info] First, let's associate this project directory with a Firebase project.
[info] You can create multiple project aliases by running firebase use --add, 
[info] but for now we'll just set up a default project.
[info] 
[debug] [2022-09-25T14:19:00.428Z] Using project from CLI flag: vue-3-crud
[debug] [2022-09-25T14:19:00.430Z] >>> [apiv2][query] GET https://firebase.googleapis.com/v1beta1/projects/vue-3-crud [none]
[debug] [2022-09-25T14:19:00.847Z] <<< [apiv2][status] GET https://firebase.googleapis.com/v1beta1/projects/vue-3-crud 403
[debug] [2022-09-25T14:19:00.848Z] <<< [apiv2][body] GET https://firebase.googleapis.com/v1beta1/projects/vue-3-crud {"error":{"code":403,"message":"The caller does not have permission","status":"PERMISSION_DENIED"}}
[debug] [2022-09-25T14:19:00.848Z] HTTP Error: 403, The caller does not have permission
[debug] [2022-09-25T14:19:00.988Z] FirebaseError: HTTP Error: 403, The caller does not have permission
    at responseToError (C:\Users\filip\AppData\Roaming\npm\node_modules\firebase-tools\lib\responseToError.js:49:12)
    at RetryOperation._fn (C:\Users\filip\AppData\Roaming\npm\node_modules\firebase-tools\lib\apiv2.js:288:77)
    at processTicksAndRejections (node:internal/process/task_queues:96:5)
[error] 
[error] Error: Failed to get Firebase project vue-3-crud. Please make sure the project exists and your account has permission to access it.
[debug] [2022-09-25T14:23:47.783Z] ----------------------------------------------------------------------
[debug] [2022-09-25T14:23:47.785Z] Command:       C:\Program Files\nodejs\node.exe C:\Users\filip\AppData\Roaming\npm\node_modules\firebase-tools\lib\bin\firebase.js init
[debug] [2022-09-25T14:23:47.785Z] CLI Version:   11.10.0
[debug] [2022-09-25T14:23:47.785Z] Platform:      win32
[debug] [2022-09-25T14:23:47.785Z] Node Version:  v16.13.0
[debug] [2022-09-25T14:23:47.786Z] Time:          Sun Sep 25 2022 17:23:47 GMT+0300 (Москва, стандартное время)
[debug] [2022-09-25T14:23:47.786Z] ----------------------------------------------------------------------
[debug] 
[debug] [2022-09-25T14:23:47.843Z] > command requires scopes: ["email","openid","https://www.googleapis.com/auth/cloudplatformprojects.readonly","https://www.googleapis.com/auth/firebase","https://www.googleapis.com/auth/cloud-platform"]
[debug] [2022-09-25T14:23:47.844Z] > authorizing via signed-in user (filippcik@gmail.com)
[info] 
     ######## #### ########  ######## ########     ###     ######  ########
     ##        ##  ##     ## ##       ##     ##  ##   ##  ##       ##
     ######    ##  ########  ######   ########  #########  ######  ######
     ##        ##  ##    ##  ##       ##     ## ##     ##       ## ##
     ##       #### ##     ## ######## ########  ##     ##  ######  ########

You're about to initialize a Firebase project in this directory:

  C:\Program Files\nodejs\vue-firebase-crud-main

Before we get started, keep in mind:

  * You are currently outside your home directory
  * You are initializing within an existing Firebase project directory

[info] 
=== Project Setup
[info] 
[info] First, let's associate this project directory with a Firebase project.
[info] You can create multiple project aliases by running firebase use --add, 
[info] but for now we'll just set up a default project.
[info] 
[debug] [2022-09-25T14:24:02.785Z] Using project from CLI flag: vue-3-crud
[debug] [2022-09-25T14:24:02.787Z] >>> [apiv2][query] GET https://firebase.googleapis.com/v1beta1/projects/vue-3-crud [none]
[debug] [2022-09-25T14:24:03.244Z] <<< [apiv2][status] GET https://firebase.googleapis.com/v1beta1/projects/vue-3-crud 403
[debug] [2022-09-25T14:24:03.244Z] <<< [apiv2][body] GET https://firebase.googleapis.com/v1beta1/projects/vue-3-crud {"error":{"code":403,"message":"The caller does not have permission","status":"PERMISSION_DENIED"}}
[debug] [2022-09-25T14:24:03.244Z] HTTP Error: 403, The caller does not have permission
[debug] [2022-09-25T14:24:03.407Z] FirebaseError: HTTP Error: 403, The caller does not have permission
    at responseToError (C:\Users\filip\AppData\Roaming\npm\node_modules\firebase-tools\lib\responseToError.js:49:12)
    at RetryOperation._fn (C:\Users\filip\AppData\Roaming\npm\node_modules\firebase-tools\lib\apiv2.js:288:77)
    at processTicksAndRejections (node:internal/process/task_queues:96:5)
[error] 
[error] Error: Failed to get Firebase project vue-3-crud. Please make sure the project exists and your account has permission to access it.
