[debug] [2022-09-25T14:07:07.820Z] ----------------------------------------------------------------------
[debug] [2022-09-25T14:07:07.821Z] Command:       C:\Program Files\nodejs\node.exe C:\Users\filip\AppData\Roaming\npm\node_modules\firebase-tools\lib\bin\firebase.js deploy --only hosting
[debug] [2022-09-25T14:07:07.822Z] CLI Version:   11.10.0
[debug] [2022-09-25T14:07:07.822Z] Platform:      win32
[debug] [2022-09-25T14:07:07.822Z] Node Version:  v16.13.0
[debug] [2022-09-25T14:07:07.823Z] Time:          Sun Sep 25 2022 17:07:07 GMT+0300 (Москва, стандартное время)
[debug] [2022-09-25T14:07:07.823Z] ----------------------------------------------------------------------
[debug] 
[debug] [2022-09-25T14:07:07.877Z] > command requires scopes: ["email","openid","https://www.googleapis.com/auth/cloudplatformprojects.readonly","https://www.googleapis.com/auth/firebase","https://www.googleapis.com/auth/cloud-platform"]
[debug] [2022-09-25T14:07:07.878Z] > authorizing via signed-in user (filippcik@gmail.com)
[debug] [2022-09-25T14:07:07.878Z] [iam] checking project vue-3-crud for permissions ["firebase.projects.get","firebasehosting.sites.update"]
[debug] [2022-09-25T14:07:07.880Z] >>> [apiv2][query] POST https://cloudresourcemanager.googleapis.com/v1/projects/vue-3-crud:testIamPermissions [none]
[debug] [2022-09-25T14:07:07.880Z] >>> [apiv2][(partial)header] POST https://cloudresourcemanager.googleapis.com/v1/projects/vue-3-crud:testIamPermissions x-goog-quota-user=projects/vue-3-crud
[debug] [2022-09-25T14:07:07.880Z] >>> [apiv2][body] POST https://cloudresourcemanager.googleapis.com/v1/projects/vue-3-crud:testIamPermissions {"permissions":["firebase.projects.get","firebasehosting.sites.update"]}
[debug] [2022-09-25T14:07:12.023Z] <<< [apiv2][status] POST https://cloudresourcemanager.googleapis.com/v1/projects/vue-3-crud:testIamPermissions 200
[debug] [2022-09-25T14:07:12.024Z] <<< [apiv2][body] POST https://cloudresourcemanager.googleapis.com/v1/projects/vue-3-crud:testIamPermissions {}
[debug] [2022-09-25T14:07:12.024Z] [iam] error while checking permissions, command may fail: FirebaseError: Authorization failed. This account is missing the following required permissions on project vue-3-crud:

  firebase.projects.get
  firebasehosting.sites.update
[debug] [2022-09-25T14:07:12.025Z] >>> [apiv2][query] GET https://firebase.googleapis.com/v1beta1/projects/vue-3-crud [none]
[debug] [2022-09-25T14:07:12.409Z] <<< [apiv2][status] GET https://firebase.googleapis.com/v1beta1/projects/vue-3-crud 403
[debug] [2022-09-25T14:07:12.409Z] <<< [apiv2][body] GET https://firebase.googleapis.com/v1beta1/projects/vue-3-crud {"error":{"code":403,"message":"The caller does not have permission","status":"PERMISSION_DENIED"}}
[debug] [2022-09-25T14:07:12.410Z] HTTP Error: 403, The caller does not have permission
[debug] [2022-09-25T14:07:12.511Z] FirebaseError: HTTP Error: 403, The caller does not have permission
    at responseToError (C:\Users\filip\AppData\Roaming\npm\node_modules\firebase-tools\lib\responseToError.js:49:12)
    at RetryOperation._fn (C:\Users\filip\AppData\Roaming\npm\node_modules\firebase-tools\lib\apiv2.js:288:77)
    at processTicksAndRejections (node:internal/process/task_queues:96:5)
[error] 
[error] Error: Failed to get Firebase project vue-3-crud. Please make sure the project exists and your account has permission to access it.
[debug] [2022-09-25T14:27:18.755Z] ----------------------------------------------------------------------
[debug] [2022-09-25T14:27:18.756Z] Command:       C:\Program Files\nodejs\node.exe C:\Users\filip\AppData\Roaming\npm\node_modules\firebase-tools\lib\bin\firebase.js init
[debug] [2022-09-25T14:27:18.757Z] CLI Version:   11.10.0
[debug] [2022-09-25T14:27:18.757Z] Platform:      win32
[debug] [2022-09-25T14:27:18.757Z] Node Version:  v16.13.0
[debug] [2022-09-25T14:27:18.758Z] Time:          Sun Sep 25 2022 17:27:18 GMT+0300 (Москва, стандартное время)
[debug] [2022-09-25T14:27:18.758Z] ----------------------------------------------------------------------
[debug] 
[debug] [2022-09-25T14:27:18.818Z] > command requires scopes: ["email","openid","https://www.googleapis.com/auth/cloudplatformprojects.readonly","https://www.googleapis.com/auth/firebase","https://www.googleapis.com/auth/cloud-platform"]
[debug] [2022-09-25T14:27:18.819Z] > authorizing via signed-in user (filippcik@gmail.com)
[info] 
     ######## #### ########  ######## ########     ###     ######  ########
     ##        ##  ##     ## ##       ##     ##  ##   ##  ##       ##
     ######    ##  ########  ######   ########  #########  ######  ######
     ##        ##  ##    ##  ##       ##     ## ##     ##       ## ##
     ##       #### ##     ## ######## ########  ##     ##  ######  ########

You're about to initialize a Firebase project in this directory:

  C:\Program Files\nodejs\vue-firebase-crud-main

Before we get started, keep in mind:

  * You are currently outside your home directory
  * You are initializing within an existing Firebase project directory

[info] 
=== Project Setup
[info] 
[info] First, let's associate this project directory with a Firebase project.
[info] You can create multiple project aliases by running firebase use --add, 
[info] but for now we'll just set up a default project.
[info] 
[debug] [2022-09-25T14:27:30.488Z] Using project from CLI flag: vue-3-crud
[debug] [2022-09-25T14:27:30.491Z] >>> [apiv2][query] GET https://firebase.googleapis.com/v1beta1/projects/vue-3-crud [none]
[debug] [2022-09-25T14:27:30.944Z] <<< [apiv2][status] GET https://firebase.googleapis.com/v1beta1/projects/vue-3-crud 403
[debug] [2022-09-25T14:27:30.944Z] <<< [apiv2][body] GET https://firebase.googleapis.com/v1beta1/projects/vue-3-crud {"error":{"code":403,"message":"The caller does not have permission","status":"PERMISSION_DENIED"}}
[debug] [2022-09-25T14:27:30.945Z] HTTP Error: 403, The caller does not have permission
[debug] [2022-09-25T14:27:31.050Z] FirebaseError: HTTP Error: 403, The caller does not have permission
    at responseToError (C:\Users\filip\AppData\Roaming\npm\node_modules\firebase-tools\lib\responseToError.js:49:12)
    at RetryOperation._fn (C:\Users\filip\AppData\Roaming\npm\node_modules\firebase-tools\lib\apiv2.js:288:77)
    at processTicksAndRejections (node:internal/process/task_queues:96:5)
[error] 
[error] Error: Failed to get Firebase project vue-3-crud. Please make sure the project exists and your account has permission to access it.
